game.cpp[8380]: Static NPC with no fine location data (-1:2).
game.cpp[8380]: Static NPC with no fine location data (5:-1).
game.cpp[2130]: 11 radio towers
game.cpp[2130]: 12 radio towers
map.cpp[449]: stopping out-of-map vehicle. (x,y)=(-7,40)
game.cpp[2132]: 12 radio towers
map.cpp[449]: stopping out-of-map vehicle. (x,y)=(-3,136)
npcmove.cpp[383]: NPC didn't use its moves.  Action 17.  Turning on debug mode.
npcmove.cpp[55]: NPC Maria Peterson: target = 70, danger = 41, range = 6
npcmove.cpp[133]: Maria Peterson chose action Use alternate attack.
npcmove.cpp[383]: NPC didn't use its moves.  Action 17.  Turning on debug mode.
npcmove.cpp[55]: NPC Maria Peterson: target = 70, danger = 41, range = 6
npcmove.cpp[133]: Maria Peterson chose action Use alternate attack.
npcmove.cpp[383]: NPC didn't use its moves.  Action 17.  Turning on debug mode.
game.cpp[3671]: young fungaloid can't move to its location! (74:125), glass wall
game.cpp[3671]: young fungaloid can't move to its location! (14:128), wall
map.cpp[449]: stopping out-of-map vehicle. (x,y)=(-11,52)
player.cpp[2691]: Health: 0
monster.cpp[778]: Duration 99
monster.cpp[778]: Duration 98
monster.cpp[778]: Duration 197
monster.cpp[778]: Duration 296
monster.cpp[778]: Duration 295
monster.cpp[778]: Duration 294
monster.cpp[778]: Duration 293
monster.cpp[778]: Duration 292
monster.cpp[778]: Duration 291
monster.cpp[778]: Duration 290
monster.cpp[778]: Duration 289
monster.cpp[778]: Duration 288
monster.cpp[778]: Duration 287
map.cpp[449]: stopping out-of-map vehicle. (x,y)=(-7,88)
game.cpp[2132]: 8 radio towers
map.cpp[449]: stopping out-of-map vehicle. (x,y)=(-7,40)
game.cpp[2134]: 11 radio towers
map.cpp[449]: stopping out-of-map vehicle. (x,y)=(-6,136)
map.cpp[449]: stopping out-of-map vehicle. (x,y)=(-3,136)
map.cpp[449]: stopping out-of-map vehicle. (x,y)=(-7,124)
game.cpp[2134]: 9 radio towers
map.cpp[449]: stopping out-of-map vehicle. (x,y)=(-7,136)
player.cpp[2691]: Health: 0
monster.cpp[778]: Duration 2
monster.cpp[778]: Duration 204
monster.cpp[778]: Duration 306
monster.cpp[778]: Duration 408
game.cpp[2134]: 7 radio towers
map.cpp[449]: stopping out-of-map vehicle. (x,y)=(-12,48)
game.cpp[2137]: 9 radio towers
game.cpp[2137]: 9 radio towers
game.cpp[2136]: 9 radio towers
map.cpp[449]: stopping out-of-map vehicle. (x,y)=(-6,52)
game.cpp[2137]: 12 radio towers
map.cpp[449]: stopping out-of-map vehicle. (x,y)=(-7,16)
npcmove.cpp[383]: NPC didn't use its moves.  Action 17.  Turning on debug mode.
monster.cpp[778]: Duration 2
monster.cpp[778]: Duration 3
monster.cpp[778]: Duration 1
monster.cpp[778]: Duration 2
monster.cpp[778]: Duration 0
monster.cpp[782]: Deleting
monster.cpp[778]: Duration 1
monster.cpp[778]: Duration 0
monster.cpp[782]: Deleting
game.cpp[2140]: 8 radio towers
game.cpp[2140]: 8 radio towers
player.cpp[2691]: Health: 0
map.cpp[449]: stopping out-of-map vehicle. (x,y)=(-7,136)
map.cpp[449]: stopping out-of-map vehicle. (x,y)=(-7,124)
map.cpp[449]: stopping out-of-map vehicle. (x,y)=(-7,95)
map.cpp[449]: stopping out-of-map vehicle. (x,y)=(-11,40)
game.cpp[2146]: 9 radio towers
map.cpp[449]: stopping out-of-map vehicle. (x,y)=(-7,52)
game.cpp[2146]: 9 radio towers
game.cpp[2146]: 9 radio towers
map.cpp[449]: stopping out-of-map vehicle. (x,y)=(-11,64)
map.cpp[449]: stopping out-of-map vehicle. (x,y)=(-7,52)
map.cpp[449]: stopping out-of-map vehicle. (x,y)=(-2,43)
map.cpp[449]: stopping out-of-map vehicle. (x,y)=(-7,112)
game.cpp[2148]: 9 radio towers
game.cpp[1684]: Wacky scent at 0, 34 (3948580)
game.cpp[1684]: Wacky scent at 0, 35 (3948580)
game.cpp[1684]: Wacky scent at 0, 36 (3948580)
game.cpp[1684]: Wacky scent at 0, 40 (1339229)
game.cpp[1684]: Wacky scent at 0, 41 (1339229)
game.cpp[1684]: Wacky scent at 0, 42 (1488032)
game.cpp[1684]: Wacky scent at 0, 50 (4935726)
game.cpp[1684]: Wacky scent at 0, 51 (4387312)
game.cpp[1684]: Wacky scent at 0, 52 (3948580)
game.cpp[1684]: Wacky scent at 0, 56 (1339229)
game.cpp[1684]: Wacky scent at 0, 57 (1339229)
game.cpp[1684]: Wacky scent at 0, 58 (1488032)
game.cpp[1684]: Wacky scent at 0, 73 (12003740)
game.cpp[1684]: Wacky scent at 0, 74 (24007480)
game.cpp[1684]: Wacky scent at 0, 75 (36023220)
game.cpp[1684]: Wacky scent at 0, 76 (24019480)
game.cpp[1684]: Wacky scent at 0, 77 (12015740)
game.cpp[1684]: Wacky scent at 0, 86 (24047391)
game.cpp[1684]: Wacky scent at 0, 87 (36071193)
game.cpp[1684]: Wacky scent at 0, 88 (24047538)
game.cpp[1684]: Wacky scent at 0, 89 (12023801)
game.cpp[1684]: Wacky scent at 0, 98 (21702585)
game.cpp[1684]: Wacky scent at 0, 99 (32553807)
game.cpp[1684]: Wacky scent at 0, 100 (32553776)
game.cpp[1684]: Wacky scent at 0, 101 (32553724)
game.cpp[1684]: Wacky scent at 0, 102 (32553703)
game.cpp[1684]: Wacky scent at 0, 103 (32544420)
game.cpp[1684]: Wacky scent at 0, 104 (32544394)
game.cpp[1684]: Wacky scent at 0, 105 (32657025)
game.cpp[1684]: Wacky scent at 0, 106 (33838095)
game.cpp[1684]: Wacky scent at 0, 108 (24045269)
game.cpp[1684]: Wacky scent at 0, 109 (12022247)
map.cpp[449]: stopping out-of-map vehicle. (x,y)=(-7,64)
monster.cpp[778]: Duration 2
monster.cpp[778]: Duration 4
monster.cpp[778]: Duration 3
monster.cpp[778]: Duration 2
monster.cpp[778]: Duration 1
player.cpp[2691]: Health: 0
monster.cpp[778]: Duration 2
monster.cpp[778]: Duration 3
monster.cpp[778]: Duration 1
monster.cpp[778]: Duration 2
monster.cpp[778]: Duration 0
monster.cpp[782]: Deleting
monster.cpp[778]: Duration 1
monster.cpp[778]: Duration 0
monster.cpp[782]: Deleting
monster.cpp[778]: Duration 99
monster.cpp[778]: Duration 298
monster.cpp[778]: Duration 400
monster.cpp[778]: Duration 3
monster.cpp[778]: Duration 599
monster.cpp[778]: Duration 2
monster.cpp[778]: Duration 2
monster.cpp[778]: Duration 3
monster.cpp[778]: Duration 598
monster.cpp[778]: Duration 1
monster.cpp[778]: Duration 1
monster.cpp[778]: Duration 2
monster.cpp[778]: Duration 697
monster.cpp[778]: Duration 0
monster.cpp[782]: Deleting
monster.cpp[778]: Duration 0
monster.cpp[782]: Deleting
monster.cpp[778]: Duration 1
monster.cpp[778]: Duration 0
monster.cpp[782]: Deleting
monster.cpp[778]: Duration 99
map.cpp[449]: stopping out-of-map vehicle. (x,y)=(-2,103)
map.cpp[449]: stopping out-of-map vehicle. (x,y)=(-7,64)
map.cpp[449]: stopping out-of-map vehicle. (x,y)=(-7,112)
map.cpp[449]: stopping out-of-map vehicle. (x,y)=(-11,124)
npcmove.cpp[383]: NPC didn't use its moves.  Action 1.  Turning on debug mode.
npcmove.cpp[55]: NPC Ayden Lewis: target = -1, danger = 0, range = 14
npcmove.cpp[90]: address_needs Undecided
npcmove.cpp[94]: address_player Undecided
npcmove.cpp[103]: find_item Pause
npcmove.cpp[665]: long_term_goal_action()
npcmove.cpp[114]: long_term_goal_action Pause
npcmove.cpp[133]: Ayden Lewis chose action Pause.
npcmove.cpp[383]: NPC didn't use its moves.  Action 1.  Turning on debug mode.
npcmove.cpp[55]: NPC Ayden Lewis: target = -1, danger = 0, range = 14
npcmove.cpp[90]: address_needs Undecided
npcmove.cpp[94]: address_player Undecided
npcmove.cpp[103]: find_item Pause
npcmove.cpp[665]: long_term_goal_action()
npcmove.cpp[114]: long_term_goal_action Pause
npcmove.cpp[133]: Ayden Lewis chose action Pause.
npcmove.cpp[383]: NPC didn't use its moves.  Action 1.  Turning on debug mode.
npcmove.cpp[383]: NPC didn't use its moves.  Action 1.  Turning on debug mode.
npcmove.cpp[55]: NPC Ayden Lewis: target = -1, danger = 0, range = 14
npcmove.cpp[90]: address_needs Undecided
npcmove.cpp[94]: address_player Undecided
npcmove.cpp[103]: find_item Pause
npcmove.cpp[665]: long_term_goal_action()
npcmove.cpp[114]: long_term_goal_action Pause
npcmove.cpp[133]: Ayden Lewis chose action Pause.
npcmove.cpp[383]: NPC didn't use its moves.  Action 1.  Turning on debug mode.
npcmove.cpp[55]: NPC Ayden Lewis: target = -1, danger = 0, range = 14
npcmove.cpp[90]: address_needs Undecided
npcmove.cpp[94]: address_player Undecided
npcmove.cpp[103]: find_item Pause
npcmove.cpp[665]: long_term_goal_action()
npcmove.cpp[114]: long_term_goal_action Pause
npcmove.cpp[133]: Ayden Lewis chose action Pause.
npcmove.cpp[383]: NPC didn't use its moves.  Action 1.  Turning on debug mode.
npcmove.cpp[383]: NPC didn't use its moves.  Action 1.  Turning on debug mode.
npcmove.cpp[55]: NPC Ayden Lewis: target = -1, danger = 0, range = 14
npcmove.cpp[90]: address_needs Undecided
npcmove.cpp[94]: address_player Undecided
npcmove.cpp[103]: find_item Pause
npcmove.cpp[665]: long_term_goal_action()
npcmove.cpp[114]: long_term_goal_action Pause
npcmove.cpp[133]: Ayden Lewis chose action Pause.
npcmove.cpp[383]: NPC didn't use its moves.  Action 1.  Turning on debug mode.
npcmove.cpp[55]: NPC Ayden Lewis: target = -1, danger = 0, range = 14
npcmove.cpp[90]: address_needs Undecided
npcmove.cpp[94]: address_player Undecided
npcmove.cpp[103]: find_item Pause
npcmove.cpp[665]: long_term_goal_action()
npcmove.cpp[114]: long_term_goal_action Pause
npcmove.cpp[133]: Ayden Lewis chose action Pause.
npcmove.cpp[383]: NPC didn't use its moves.  Action 1.  Turning on debug mode.
npcmove.cpp[383]: NPC didn't use its moves.  Action 1.  Turning on debug mode.
npcmove.cpp[55]: NPC Ayden Lewis: target = -1, danger = 0, range = 14
npcmove.cpp[90]: address_needs Undecided
npcmove.cpp[94]: address_player Undecided
npcmove.cpp[103]: find_item Pause
npcmove.cpp[665]: long_term_goal_action()
npcmove.cpp[114]: long_term_goal_action Pause
npcmove.cpp[133]: Ayden Lewis chose action Pause.
npcmove.cpp[383]: NPC didn't use its moves.  Action 1.  Turning on debug mode.
npcmove.cpp[55]: NPC Ayden Lewis: target = -1, danger = 0, range = 14
npcmove.cpp[90]: address_needs Undecided
npcmove.cpp[94]: address_player Undecided
npcmove.cpp[103]: find_item Pause
npcmove.cpp[665]: long_term_goal_action()
npcmove.cpp[114]: long_term_goal_action Pause
npcmove.cpp[133]: Ayden Lewis chose action Pause.
npcmove.cpp[383]: NPC didn't use its moves.  Action 1.  Turning on debug mode.
npcmove.cpp[55]: NPC Ayden Lewis: target = -1, danger = 0, range = 14
npcmove.cpp[90]: address_needs Undecided
npcmove.cpp[94]: address_player Undecided
npcmove.cpp[103]: find_item Pause
npcmove.cpp[665]: long_term_goal_action()
npcmove.cpp[114]: long_term_goal_action Pause
npcmove.cpp[133]: Ayden Lewis chose action Pause.
npcmove.cpp[383]: NPC didn't use its moves.  Action 1.  Turning on debug mode.
npcmove.cpp[55]: NPC Ayden Lewis: target = -1, danger = 0, range = 14
npcmove.cpp[90]: address_needs Undecided
npcmove.cpp[94]: address_player Undecided
npcmove.cpp[103]: find_item Pause
npcmove.cpp[665]: long_term_goal_action()
npcmove.cpp[114]: long_term_goal_action Pause
npcmove.cpp[133]: Ayden Lewis chose action Pause.
npcmove.cpp[383]: NPC didn't use its moves.  Action 1.  Turning on debug mode.
npcmove.cpp[55]: NPC Ayden Lewis: target = -1, danger = 0, range = 14
npcmove.cpp[90]: address_needs Undecided
npcmove.cpp[94]: address_player Undecided
npcmove.cpp[103]: find_item Pause
npcmove.cpp[665]: long_term_goal_action()
npcmove.cpp[114]: long_term_goal_action Pause
npcmove.cpp[133]: Ayden Lewis chose action Pause.
npcmove.cpp[383]: NPC didn't use its moves.  Action 1.  Turning on debug mode.
npcmove.cpp[55]: NPC Ayden Lewis: target = -1, danger = 0, range = 14
npcmove.cpp[90]: address_needs Undecided
npcmove.cpp[94]: address_player Undecided
npcmove.cpp[103]: find_item Pause
npcmove.cpp[665]: long_term_goal_action()
npcmove.cpp[114]: long_term_goal_action Pause
npcmove.cpp[133]: Ayden Lewis chose action Pause.
npcmove.cpp[383]: NPC didn't use its moves.  Action 1.  Turning on debug mode.
npcmove.cpp[55]: NPC Ayden Lewis: target = -1, danger = 0, range = 14
npcmove.cpp[90]: address_needs Undecided
npcmove.cpp[94]: address_player Undecided
npcmove.cpp[103]: find_item Pause
npcmove.cpp[665]: long_term_goal_action()
npcmove.cpp[114]: long_term_goal_action Pause
npcmove.cpp[133]: Ayden Lewis chose action Pause.
npcmove.cpp[383]: NPC didn't use its moves.  Action 1.  Turning on debug mode.
npcmove.cpp[55]: NPC Ayden Lewis: target = -1, danger = 0, range = 14
npcmove.cpp[90]: address_needs Undecided
npcmove.cpp[94]: address_player Undecided
npcmove.cpp[103]: find_item Pause
npcmove.cpp[665]: long_term_goal_action()
npcmove.cpp[114]: long_term_goal_action Pause
npcmove.cpp[133]: Ayden Lewis chose action Pause.
npcmove.cpp[383]: NPC didn't use its moves.  Action 1.  Turning on debug mode.
npcmove.cpp[55]: NPC Ayden Lewis: target = -1, danger = 0, range = 14
npcmove.cpp[90]: address_needs Undecided
npcmove.cpp[94]: address_player Undecided
npcmove.cpp[103]: find_item Pause
npcmove.cpp[665]: long_term_goal_action()
npcmove.cpp[114]: long_term_goal_action Pause
npcmove.cpp[133]: Ayden Lewis chose action Pause.
npcmove.cpp[383]: NPC didn't use its moves.  Action 1.  Turning on debug mode.
npcmove.cpp[55]: NPC Ayden Lewis: target = -1, danger = 0, range = 14
npcmove.cpp[90]: address_needs Undecided
npcmove.cpp[94]: address_player Undecided
npcmove.cpp[103]: find_item Pause
npcmove.cpp[665]: long_term_goal_action()
npcmove.cpp[114]: long_term_goal_action Pause
npcmove.cpp[133]: Ayden Lewis chose action Pause.
npcmove.cpp[383]: NPC didn't use its moves.  Action 1.  Turning on debug mode.
npcmove.cpp[383]: NPC didn't use its moves.  Action 1.  Turning on debug mode.
npcmove.cpp[55]: NPC Michael Howard: target = -1, danger = 0, range = 6
npcmove.cpp[90]: address_needs Undecided
npcmove.cpp[94]: address_player Undecided
npcmove.cpp[103]: find_item Pause
npcmove.cpp[665]: long_term_goal_action()
npcmove.cpp[114]: long_term_goal_action Pause
npcmove.cpp[133]: Michael Howard chose action Pause.
npcmove.cpp[383]: NPC didn't use its moves.  Action 1.  Turning on debug mode.
npcmove.cpp[55]: NPC Michael Howard: target = -1, danger = 0, range = 6
npcmove.cpp[90]: address_needs Undecided
npcmove.cpp[94]: address_player Undecided
npcmove.cpp[103]: find_item Pause
npcmove.cpp[383]: NPC didn't use its moves.  Action 1.  Turning on debug mode.
npcmove.cpp[55]: NPC Elizabeth Rogers: target = -1, danger = 0, range = 14
npcmove.cpp[90]: address_needs Undecided
npcmove.cpp[94]: address_player Undecided
npcmove.cpp[103]: find_item Pause
npcmove.cpp[665]: long_term_goal_action()
npcmove.cpp[114]: long_term_goal_action Pause
npcmove.cpp[133]: Elizabeth Rogers chose action Pause.
npcmove.cpp[55]: NPC Elizabeth Rogers: target = -1, danger = 0, range = 14
npcmove.cpp[90]: address_needs Undecided
npcmove.cpp[94]: address_player Undecided
npcmove.cpp[103]: find_item Pause
npcmove.cpp[665]: long_term_goal_action()
npcmove.cpp[114]: long_term_goal_action Pause
npcmove.cpp[133]: Elizabeth Rogers chose action Pause.
npcmove.cpp[55]: NPC Elizabeth Rogers: target = -1, danger = 0, range = 14
npcmove.cpp[90]: address_needs Undecided
npcmove.cpp[94]: address_player Undecided
npcmove.cpp[103]: find_item Pause
npcmove.cpp[665]: long_term_goal_action()
npcmove.cpp[114]: long_term_goal_action Pause
npcmove.cpp[133]: Elizabeth Rogers chose action Pause.
npcmove.cpp[55]: NPC Elizabeth Rogers: target = -1, danger = 0, range = 14
npcmove.cpp[90]: address_needs Undecided
npcmove.cpp[94]: address_player Undecided
npcmove.cpp[103]: find_item Pause
npcmove.cpp[665]: long_term_goal_action()
npcmove.cpp[114]: long_term_goal_action Pause
npcmove.cpp[133]: Elizabeth Rogers chose action Pause.
npcmove.cpp[55]: NPC Elizabeth Rogers: target = 30, danger = 26, range = 14
npcmove.cpp[133]: Elizabeth Rogers chose action Melee.
npcmove.cpp[55]: NPC Elizabeth Rogers: target = 30, danger = 26, range = 14
npcmove.cpp[133]: Elizabeth Rogers chose action Melee.
npcmove.cpp[55]: NPC Elizabeth Rogers: target = 30, danger = 26, range = 14
npcmove.cpp[133]: Elizabeth Rogers chose action Melee.
npcmove.cpp[383]: NPC didn't use its moves.  Action 1.  Turning on debug mode.
npcmove.cpp[55]: NPC Angelina Torres: target = -1, danger = 0, range = 1
npcmove.cpp[90]: address_needs Undecided
npcmove.cpp[94]: address_player Undecided
npcmove.cpp[103]: find_item Pause
npcmove.cpp[665]: long_term_goal_action()
npcmove.cpp[114]: long_term_goal_action Pause
npcmove.cpp[133]: Angelina Torres chose action Pause.
npcmove.cpp[383]: NPC didn't use its moves.  Action 1.  Turning on debug mode.
npcmove.cpp[55]: NPC Angelina Torres: target = -1, danger = 0, range = 1
